Argentina  
Chile  
Argentina  
Chile  
Argentina  
Portugal  
Chile  
Argentina  
Portugal  
Espanha  
O número de elementos são 4.
<models.Node.Node object at 0x00000170EA103400>
item not in the list
Chile  
Argentina  
Portugal  
Espanha  
<models.Node.Node object at 0x00000170EA103400>
item not in the list
Chile  
Argentina  
Portugal  
Espanha  
China  
Chile  
Argentina  
Portugal  
Espanha  
China  
Japao  
Chile  
Argentina  
Portugal  
Espanha  
China  
Japao  
Angola  
Chile  
Argentina  
Portugal  
Espanha  
O número de elementos são 7.
Item found
O país Portugal encontra-se na lista
Item found
item bot found
item bot found
item bot found
item bot found
O país Alemanha não se encontra na lista
[]
O país Alemanha foi eliminado da lista
O número de elementos são 6.
O país Alemanha foi eliminado da lista
O número de elementos são 5.
Item found
Item found
Item found
Item found
O país Chile foi eliminado da lista
O número de elementos são 5.
